<?xml version="1.0" encoding="UTF-8"?>
<!-- Generated by org.testng.reporters.JUnitReportReporter -->
<testsuite hostname="DESKTOP-RJQIS1D" failures="0" tests="1" name="tasksModule.TC_002Test" time="27.369" errors="0" timestamp="2022-03-02T20:11:17 IST" skipped="0">
  <testcase classname="tasksModule.TC_002Test" name="CopyPro" time="27.369"/>
  <system-out/>
</testsuite> <!-- tasksModule.TC_002Test -->
