<?xml version="1.0" encoding="UTF-8"?>
<!-- Generated by org.testng.reporters.JUnitReportReporter -->
<testsuite hostname="DESKTOP-RJQIS1D" failures="0" tests="1" name="users.SampleTestCase" time="27.485" errors="0" timestamp="2022-02-28T11:58:27 IST" skipped="0">
  <testcase classname="users.SampleTestCase" name="sample" time="27.485"/>
  <system-out/>
</testsuite> <!-- users.SampleTestCase -->
